<?xml version="1.0" encoding="UTF-8"?>
<!-- Generated by org.testng.reporters.JUnitReportReporter -->
<testsuite hostname="ZHOUHEXIANG" name="TestUI" tests="1" failures="0" timestamp="22 Dec 2018 08:39:34 GMT" time="1.850" errors="0">
  <testcase name="PlanStart" time="1.850" classname="TestUI"/>
</testsuite> <!-- TestUI -->
